[1.130s] DEBUG:colcon:Command line arguments: ['/usr/bin/colcon', 'build']
[1.130s] DEBUG:colcon:Parsed command line arguments: Namespace(log_base=None, log_level=None, verb_name='build', build_base='build', install_base='install', merge_install=False, symlink_install=False, test_result_base=None, continue_on_error=False, executor='parallel', parallel_workers=8, event_handlers=None, ignore_user_meta=False, metas=['./colcon.meta'], base_paths=['.'], packages_ignore=None, packages_ignore_regex=None, paths=None, packages_up_to=None, packages_up_to_regex=None, packages_above=None, packages_above_and_dependencies=None, packages_above_depth=None, packages_select_by_dep=None, packages_skip_by_dep=None, packages_skip_up_to=None, packages_select_build_failed=False, packages_skip_build_finished=False, packages_select_test_failures=False, packages_skip_test_passed=False, packages_select=None, packages_skip=None, packages_select_regex=None, packages_skip_regex=None, packages_start=None, packages_end=None, allow_overriding=[], cmake_args=None, cmake_target=None, cmake_target_skip_unavailable=False, cmake_clean_cache=False, cmake_clean_first=False, cmake_force_configure=False, ament_cmake_args=None, catkin_cmake_args=None, catkin_skip_building_tests=False, verb_parser=<colcon_defaults.argument_parser.defaults.DefaultArgumentsDecorator object at 0x7fcc1329f880>, verb_extension=<colcon_core.verb.build.BuildVerb object at 0x7fcc132b3400>, main=<bound method BuildVerb.main of <colcon_core.verb.build.BuildVerb object at 0x7fcc132b3400>>)
[1.180s] Level 1:colcon.colcon_core.package_discovery:discover_packages(colcon_meta) check parameters
[1.181s] Level 1:colcon.colcon_core.package_discovery:discover_packages(recursive) check parameters
[1.181s] Level 1:colcon.colcon_core.package_discovery:discover_packages(ignore) check parameters
[1.181s] Level 1:colcon.colcon_core.package_discovery:discover_packages(path) check parameters
[1.181s] Level 1:colcon.colcon_core.package_discovery:discover_packages(colcon_meta) discover
[1.181s] Level 1:colcon.colcon_core.package_discovery:discover_packages(recursive) discover
[1.181s] INFO:colcon.colcon_core.package_discovery:Crawling recursively for packages in '/home/keitaro/wss/test_ex'
[1.181s] Level 1:colcon.colcon_core.package_identification:_identify(.) by extensions ['ignore', 'ignore_ament_install']
[1.181s] Level 1:colcon.colcon_core.package_identification:_identify(.) by extension 'ignore'
[1.181s] Level 1:colcon.colcon_core.package_identification:_identify(.) by extension 'ignore_ament_install'
[1.181s] Level 1:colcon.colcon_core.package_identification:_identify(.) by extensions ['colcon_pkg']
[1.181s] Level 1:colcon.colcon_core.package_identification:_identify(.) by extension 'colcon_pkg'
[1.181s] Level 1:colcon.colcon_core.package_identification:_identify(.) by extensions ['colcon_meta']
[1.181s] Level 1:colcon.colcon_core.package_identification:_identify(.) by extension 'colcon_meta'
[1.181s] Level 1:colcon.colcon_core.package_identification:_identify(.) by extensions ['ros']
[1.181s] Level 1:colcon.colcon_core.package_identification:_identify(.) by extension 'ros'
[1.196s] DEBUG:colcon.colcon_core.package_identification:Package '.' with type 'ros.ament_cmake' and name 'test_ex'
[1.196s] Level 1:colcon.colcon_core.package_discovery:discover_packages(recursive) using defaults
[1.196s] Level 1:colcon.colcon_core.package_discovery:discover_packages(ignore) discover
[1.196s] Level 1:colcon.colcon_core.package_discovery:discover_packages(ignore) using defaults
[1.196s] Level 1:colcon.colcon_core.package_discovery:discover_packages(path) discover
[1.196s] Level 1:colcon.colcon_core.package_discovery:discover_packages(path) using defaults
[1.296s] Level 1:colcon.colcon_core.package_discovery:discover_packages(prefix_path) check parameters
[1.296s] Level 1:colcon.colcon_core.package_discovery:discover_packages(prefix_path) discover
[1.313s] WARNING:colcon.colcon_core.prefix_path.colcon:The path '/home/keitaro/ws/install' in the environment variable COLCON_PREFIX_PATH doesn't exist
[1.313s] WARNING:colcon.colcon_ros.prefix_path.ament:The path '/home/keitaro/ws/install/mypkg' in the environment variable AMENT_PREFIX_PATH doesn't exist
[1.330s] DEBUG:colcon.colcon_installed_package_information.package_discovery:Found 1 installed packages in /home/keitaro/wss/ws2/install
[1.346s] DEBUG:colcon.colcon_installed_package_information.package_discovery:Found 8 installed packages in /home/keitaro/ros2_ws/install
[1.364s] DEBUG:colcon.colcon_installed_package_information.package_discovery:Found 387 installed packages in /opt/ros/humble
[1.366s] Level 1:colcon.colcon_core.package_discovery:discover_packages(prefix_path) using defaults
[1.480s] Level 5:colcon.colcon_core.verb:set package 'test_ex' build argument 'cmake_args' from command line to 'None'
[1.480s] Level 5:colcon.colcon_core.verb:set package 'test_ex' build argument 'cmake_target' from command line to 'None'
[1.480s] Level 5:colcon.colcon_core.verb:set package 'test_ex' build argument 'cmake_target_skip_unavailable' from command line to 'False'
[1.480s] Level 5:colcon.colcon_core.verb:set package 'test_ex' build argument 'cmake_clean_cache' from command line to 'False'
[1.480s] Level 5:colcon.colcon_core.verb:set package 'test_ex' build argument 'cmake_clean_first' from command line to 'False'
[1.480s] Level 5:colcon.colcon_core.verb:set package 'test_ex' build argument 'cmake_force_configure' from command line to 'False'
[1.480s] Level 5:colcon.colcon_core.verb:set package 'test_ex' build argument 'ament_cmake_args' from command line to 'None'
[1.480s] Level 5:colcon.colcon_core.verb:set package 'test_ex' build argument 'catkin_cmake_args' from command line to 'None'
[1.480s] Level 5:colcon.colcon_core.verb:set package 'test_ex' build argument 'catkin_skip_building_tests' from command line to 'False'
[1.480s] DEBUG:colcon.colcon_core.verb:Building package 'test_ex' with the following arguments: {'ament_cmake_args': None, 'build_base': '/home/keitaro/wss/test_ex/build/test_ex', 'catkin_cmake_args': None, 'catkin_skip_building_tests': False, 'cmake_args': None, 'cmake_clean_cache': False, 'cmake_clean_first': False, 'cmake_force_configure': False, 'cmake_target': None, 'cmake_target_skip_unavailable': False, 'install_base': '/home/keitaro/wss/test_ex/install/test_ex', 'merge_install': False, 'path': '/home/keitaro/wss/test_ex', 'symlink_install': False, 'test_result_base': None}
[1.496s] INFO:colcon.colcon_core.executor:Executing jobs using 'parallel' executor
[1.513s] DEBUG:colcon.colcon_parallel_executor.executor.parallel:run_until_complete
[1.513s] INFO:colcon.colcon_ros.task.ament_cmake.build:Building ROS package in '/home/keitaro/wss/test_ex' with build type 'ament_cmake'
[1.513s] INFO:colcon.colcon_cmake.task.cmake.build:Building CMake package in '/home/keitaro/wss/test_ex'
[1.532s] INFO:colcon.colcon_core.plugin_system:Skipping extension 'colcon_core.shell.bat': Not used on non-Windows systems
[1.532s] INFO:colcon.colcon_core.shell:Skip shell extension 'powershell' for command environment: Not usable outside of PowerShell
[1.532s] DEBUG:colcon.colcon_core.shell:Skip shell extension 'dsv' for command environment
[1.605s] DEBUG:colcon.colcon_core.event_handler.log_command:Invoking command in '/home/keitaro/wss/test_ex/build/test_ex': CMAKE_PREFIX_PATH=${CMAKE_PREFIX_PATH}:/home/keitaro/wss/ws2/install/pkg1:/home/keitaro/ros2_ws/install/mypkg:/home/keitaro/ros2_ws/install/hand_test:/home/keitaro/ws/install/mypkg:/opt/ros/humble /usr/bin/cmake /home/keitaro/wss/test_ex -DCMAKE_INSTALL_PREFIX=/home/keitaro/wss/test_ex/install/test_ex
[1.903s] DEBUG:colcon.colcon_core.event_handler.log_command:Invoked command in '/home/keitaro/wss/test_ex/build/test_ex' returned '0': CMAKE_PREFIX_PATH=${CMAKE_PREFIX_PATH}:/home/keitaro/wss/ws2/install/pkg1:/home/keitaro/ros2_ws/install/mypkg:/home/keitaro/ros2_ws/install/hand_test:/home/keitaro/ws/install/mypkg:/opt/ros/humble /usr/bin/cmake /home/keitaro/wss/test_ex -DCMAKE_INSTALL_PREFIX=/home/keitaro/wss/test_ex/install/test_ex
[1.905s] DEBUG:colcon.colcon_core.event_handler.log_command:Invoking command in '/home/keitaro/wss/test_ex/build/test_ex': CMAKE_PREFIX_PATH=${CMAKE_PREFIX_PATH}:/home/keitaro/wss/ws2/install/pkg1:/home/keitaro/ros2_ws/install/mypkg:/home/keitaro/ros2_ws/install/hand_test:/home/keitaro/ws/install/mypkg:/opt/ros/humble /usr/bin/cmake --build /home/keitaro/wss/test_ex/build/test_ex -- -j8 -l8
[1.949s] DEBUG:colcon.colcon_core.event_handler.log_command:Invoked command in '/home/keitaro/wss/test_ex/build/test_ex' returned '0': CMAKE_PREFIX_PATH=${CMAKE_PREFIX_PATH}:/home/keitaro/wss/ws2/install/pkg1:/home/keitaro/ros2_ws/install/mypkg:/home/keitaro/ros2_ws/install/hand_test:/home/keitaro/ws/install/mypkg:/opt/ros/humble /usr/bin/cmake --build /home/keitaro/wss/test_ex/build/test_ex -- -j8 -l8
[1.985s] DEBUG:colcon.colcon_core.event_handler.log_command:Invoking command in '/home/keitaro/wss/test_ex/build/test_ex': CMAKE_PREFIX_PATH=${CMAKE_PREFIX_PATH}:/home/keitaro/wss/ws2/install/pkg1:/home/keitaro/ros2_ws/install/mypkg:/home/keitaro/ros2_ws/install/hand_test:/home/keitaro/ws/install/mypkg:/opt/ros/humble /usr/bin/cmake --install /home/keitaro/wss/test_ex/build/test_ex
[1.997s] Level 1:colcon.colcon_core.environment:create_environment_scripts_only(test_ex)
[1.997s] DEBUG:colcon.colcon_core.event_handler.log_command:Invoked command in '/home/keitaro/wss/test_ex/build/test_ex' returned '0': CMAKE_PREFIX_PATH=${CMAKE_PREFIX_PATH}:/home/keitaro/wss/ws2/install/pkg1:/home/keitaro/ros2_ws/install/mypkg:/home/keitaro/ros2_ws/install/hand_test:/home/keitaro/ws/install/mypkg:/opt/ros/humble /usr/bin/cmake --install /home/keitaro/wss/test_ex/build/test_ex
[2.018s] Level 1:colcon.colcon_core.environment:checking '/home/keitaro/wss/test_ex/install/test_ex' for CMake module files
[2.018s] Level 1:colcon.colcon_core.environment:checking '/home/keitaro/wss/test_ex/install/test_ex' for CMake config files
[2.019s] Level 1:colcon.colcon_core.shell:create_environment_hook('test_ex', 'cmake_prefix_path')
[2.035s] INFO:colcon.colcon_core.shell:Creating environment hook '/home/keitaro/wss/test_ex/install/test_ex/share/test_ex/hook/cmake_prefix_path.ps1'
[2.036s] INFO:colcon.colcon_core.shell:Creating environment descriptor '/home/keitaro/wss/test_ex/install/test_ex/share/test_ex/hook/cmake_prefix_path.dsv'
[2.037s] INFO:colcon.colcon_core.shell:Creating environment hook '/home/keitaro/wss/test_ex/install/test_ex/share/test_ex/hook/cmake_prefix_path.sh'
[2.038s] Level 1:colcon.colcon_core.environment:checking '/home/keitaro/wss/test_ex/install/test_ex/bin'
[2.039s] Level 1:colcon.colcon_core.environment:checking '/home/keitaro/wss/test_ex/install/test_ex/lib/pkgconfig/test_ex.pc'
[2.039s] Level 1:colcon.colcon_core.environment:checking '/home/keitaro/wss/test_ex/install/test_ex/lib/python3.10/site-packages'
[2.039s] Level 1:colcon.colcon_core.environment:checking '/home/keitaro/wss/test_ex/install/test_ex/bin'
[2.056s] INFO:colcon.colcon_core.shell:Creating package script '/home/keitaro/wss/test_ex/install/test_ex/share/test_ex/package.ps1'
[2.057s] INFO:colcon.colcon_core.shell:Creating package descriptor '/home/keitaro/wss/test_ex/install/test_ex/share/test_ex/package.dsv'
[2.058s] INFO:colcon.colcon_core.shell:Creating package script '/home/keitaro/wss/test_ex/install/test_ex/share/test_ex/package.sh'
[2.058s] INFO:colcon.colcon_core.shell:Creating package script '/home/keitaro/wss/test_ex/install/test_ex/share/test_ex/package.bash'
[2.059s] INFO:colcon.colcon_core.shell:Creating package script '/home/keitaro/wss/test_ex/install/test_ex/share/test_ex/package.zsh'
[2.059s] Level 1:colcon.colcon_core.environment:create_file_with_runtime_dependencies(/home/keitaro/wss/test_ex/install/test_ex/share/colcon-core/packages/test_ex)
[2.113s] Level 1:colcon.colcon_core.environment:create_environment_scripts_only(test_ex)
[2.130s] Level 1:colcon.colcon_core.environment:checking '/home/keitaro/wss/test_ex/install/test_ex' for CMake module files
[2.131s] Level 1:colcon.colcon_core.environment:checking '/home/keitaro/wss/test_ex/install/test_ex' for CMake config files
[2.131s] Level 1:colcon.colcon_core.shell:create_environment_hook('test_ex', 'cmake_prefix_path')
[2.148s] INFO:colcon.colcon_core.shell:Creating environment hook '/home/keitaro/wss/test_ex/install/test_ex/share/test_ex/hook/cmake_prefix_path.ps1'
[2.148s] INFO:colcon.colcon_core.shell:Creating environment descriptor '/home/keitaro/wss/test_ex/install/test_ex/share/test_ex/hook/cmake_prefix_path.dsv'
[2.149s] INFO:colcon.colcon_core.shell:Creating environment hook '/home/keitaro/wss/test_ex/install/test_ex/share/test_ex/hook/cmake_prefix_path.sh'
[2.150s] Level 1:colcon.colcon_core.environment:checking '/home/keitaro/wss/test_ex/install/test_ex/bin'
[2.150s] Level 1:colcon.colcon_core.environment:checking '/home/keitaro/wss/test_ex/install/test_ex/lib/pkgconfig/test_ex.pc'
[2.150s] Level 1:colcon.colcon_core.environment:checking '/home/keitaro/wss/test_ex/install/test_ex/lib/python3.10/site-packages'
[2.150s] Level 1:colcon.colcon_core.environment:checking '/home/keitaro/wss/test_ex/install/test_ex/bin'
[2.167s] INFO:colcon.colcon_core.shell:Creating package script '/home/keitaro/wss/test_ex/install/test_ex/share/test_ex/package.ps1'
[2.167s] INFO:colcon.colcon_core.shell:Creating package descriptor '/home/keitaro/wss/test_ex/install/test_ex/share/test_ex/package.dsv'
[2.168s] INFO:colcon.colcon_core.shell:Creating package script '/home/keitaro/wss/test_ex/install/test_ex/share/test_ex/package.sh'
[2.168s] INFO:colcon.colcon_core.shell:Creating package script '/home/keitaro/wss/test_ex/install/test_ex/share/test_ex/package.bash'
[2.168s] INFO:colcon.colcon_core.shell:Creating package script '/home/keitaro/wss/test_ex/install/test_ex/share/test_ex/package.zsh'
[2.169s] Level 1:colcon.colcon_core.environment:create_file_with_runtime_dependencies(/home/keitaro/wss/test_ex/install/test_ex/share/colcon-core/packages/test_ex)
[2.169s] DEBUG:colcon.colcon_parallel_executor.executor.parallel:closing loop
[2.169s] DEBUG:colcon.colcon_parallel_executor.executor.parallel:loop closed
[2.170s] DEBUG:colcon.colcon_parallel_executor.executor.parallel:run_until_complete finished with '0'
[2.170s] DEBUG:colcon.colcon_core.event_reactor:joining thread
[2.192s] INFO:colcon.colcon_core.plugin_system:Skipping extension 'colcon_notification.desktop_notification.terminal_notifier': Not used on non-Darwin systems
[2.192s] INFO:colcon.colcon_core.plugin_system:Skipping extension 'colcon_notification.desktop_notification.win32': Not used on non-Windows systems
[2.192s] INFO:colcon.colcon_notification.desktop_notification:Sending desktop notification using 'notify2'
[2.204s] DEBUG:colcon.colcon_core.event_reactor:joined thread
[2.223s] INFO:colcon.colcon_core.shell:Creating prefix script '/home/keitaro/wss/test_ex/install/local_setup.ps1'
[2.225s] INFO:colcon.colcon_core.shell:Creating prefix util module '/home/keitaro/wss/test_ex/install/_local_setup_util_ps1.py'
[2.226s] INFO:colcon.colcon_core.shell:Creating prefix chain script '/home/keitaro/wss/test_ex/install/setup.ps1'
[2.246s] INFO:colcon.colcon_core.shell:Creating prefix script '/home/keitaro/wss/test_ex/install/local_setup.sh'
[2.247s] INFO:colcon.colcon_core.shell:Creating prefix util module '/home/keitaro/wss/test_ex/install/_local_setup_util_sh.py'
[2.247s] INFO:colcon.colcon_core.shell:Creating prefix chain script '/home/keitaro/wss/test_ex/install/setup.sh'
[2.265s] INFO:colcon.colcon_core.shell:Creating prefix script '/home/keitaro/wss/test_ex/install/local_setup.bash'
[2.266s] INFO:colcon.colcon_core.shell:Creating prefix chain script '/home/keitaro/wss/test_ex/install/setup.bash'
[2.284s] INFO:colcon.colcon_core.shell:Creating prefix script '/home/keitaro/wss/test_ex/install/local_setup.zsh'
[2.285s] INFO:colcon.colcon_core.shell:Creating prefix chain script '/home/keitaro/wss/test_ex/install/setup.zsh'
