[1.104s] DEBUG:colcon:Command line arguments: ['/usr/bin/colcon', 'build']
[1.104s] DEBUG:colcon:Parsed command line arguments: Namespace(log_base=None, log_level=None, verb_name='build', build_base='build', install_base='install', merge_install=False, symlink_install=False, test_result_base=None, continue_on_error=False, executor='parallel', parallel_workers=8, event_handlers=None, ignore_user_meta=False, metas=['./colcon.meta'], base_paths=['.'], packages_ignore=None, packages_ignore_regex=None, paths=None, packages_up_to=None, packages_up_to_regex=None, packages_above=None, packages_above_and_dependencies=None, packages_above_depth=None, packages_select_by_dep=None, packages_skip_by_dep=None, packages_skip_up_to=None, packages_select_build_failed=False, packages_skip_build_finished=False, packages_select_test_failures=False, packages_skip_test_passed=False, packages_select=None, packages_skip=None, packages_select_regex=None, packages_skip_regex=None, packages_start=None, packages_end=None, allow_overriding=[], cmake_args=None, cmake_target=None, cmake_target_skip_unavailable=False, cmake_clean_cache=False, cmake_clean_first=False, cmake_force_configure=False, ament_cmake_args=None, catkin_cmake_args=None, catkin_skip_building_tests=False, verb_parser=<colcon_defaults.argument_parser.defaults.DefaultArgumentsDecorator object at 0x7f5d5e9a3a00>, verb_extension=<colcon_core.verb.build.BuildVerb object at 0x7f5d5e9b7580>, main=<bound method BuildVerb.main of <colcon_core.verb.build.BuildVerb object at 0x7f5d5e9b7580>>)
[1.155s] Level 1:colcon.colcon_core.package_discovery:discover_packages(colcon_meta) check parameters
[1.155s] Level 1:colcon.colcon_core.package_discovery:discover_packages(recursive) check parameters
[1.155s] Level 1:colcon.colcon_core.package_discovery:discover_packages(ignore) check parameters
[1.155s] Level 1:colcon.colcon_core.package_discovery:discover_packages(path) check parameters
[1.155s] Level 1:colcon.colcon_core.package_discovery:discover_packages(colcon_meta) discover
[1.155s] Level 1:colcon.colcon_core.package_discovery:discover_packages(recursive) discover
[1.155s] INFO:colcon.colcon_core.package_discovery:Crawling recursively for packages in '/home/keitaro/wss/test_ex'
[1.155s] Level 1:colcon.colcon_core.package_identification:_identify(.) by extensions ['ignore', 'ignore_ament_install']
[1.156s] Level 1:colcon.colcon_core.package_identification:_identify(.) by extension 'ignore'
[1.156s] Level 1:colcon.colcon_core.package_identification:_identify(.) by extension 'ignore_ament_install'
[1.156s] Level 1:colcon.colcon_core.package_identification:_identify(.) by extensions ['colcon_pkg']
[1.156s] Level 1:colcon.colcon_core.package_identification:_identify(.) by extension 'colcon_pkg'
[1.156s] Level 1:colcon.colcon_core.package_identification:_identify(.) by extensions ['colcon_meta']
[1.156s] Level 1:colcon.colcon_core.package_identification:_identify(.) by extension 'colcon_meta'
[1.156s] Level 1:colcon.colcon_core.package_identification:_identify(.) by extensions ['ros']
[1.156s] Level 1:colcon.colcon_core.package_identification:_identify(.) by extension 'ros'
[1.171s] DEBUG:colcon.colcon_core.package_identification:Package '.' with type 'ros.ament_cmake' and name 'test_ex'
[1.171s] Level 1:colcon.colcon_core.package_discovery:discover_packages(recursive) using defaults
[1.171s] Level 1:colcon.colcon_core.package_discovery:discover_packages(ignore) discover
[1.171s] Level 1:colcon.colcon_core.package_discovery:discover_packages(ignore) using defaults
[1.171s] Level 1:colcon.colcon_core.package_discovery:discover_packages(path) discover
[1.171s] Level 1:colcon.colcon_core.package_discovery:discover_packages(path) using defaults
[1.269s] Level 1:colcon.colcon_core.package_discovery:discover_packages(prefix_path) check parameters
[1.269s] Level 1:colcon.colcon_core.package_discovery:discover_packages(prefix_path) discover
[1.285s] WARNING:colcon.colcon_core.prefix_path.colcon:The path '/home/keitaro/ws/install' in the environment variable COLCON_PREFIX_PATH doesn't exist
[1.286s] WARNING:colcon.colcon_ros.prefix_path.ament:The path '/home/keitaro/ws/install/mypkg' in the environment variable AMENT_PREFIX_PATH doesn't exist
[1.302s] DEBUG:colcon.colcon_installed_package_information.package_discovery:Found 1 installed packages in /home/keitaro/wss/ws2/install
[1.319s] DEBUG:colcon.colcon_installed_package_information.package_discovery:Found 8 installed packages in /home/keitaro/ros2_ws/install
[1.337s] DEBUG:colcon.colcon_installed_package_information.package_discovery:Found 387 installed packages in /opt/ros/humble
[1.339s] Level 1:colcon.colcon_core.package_discovery:discover_packages(prefix_path) using defaults
[1.452s] Level 5:colcon.colcon_core.verb:set package 'test_ex' build argument 'cmake_args' from command line to 'None'
[1.452s] Level 5:colcon.colcon_core.verb:set package 'test_ex' build argument 'cmake_target' from command line to 'None'
[1.452s] Level 5:colcon.colcon_core.verb:set package 'test_ex' build argument 'cmake_target_skip_unavailable' from command line to 'False'
[1.452s] Level 5:colcon.colcon_core.verb:set package 'test_ex' build argument 'cmake_clean_cache' from command line to 'False'
[1.452s] Level 5:colcon.colcon_core.verb:set package 'test_ex' build argument 'cmake_clean_first' from command line to 'False'
[1.452s] Level 5:colcon.colcon_core.verb:set package 'test_ex' build argument 'cmake_force_configure' from command line to 'False'
[1.452s] Level 5:colcon.colcon_core.verb:set package 'test_ex' build argument 'ament_cmake_args' from command line to 'None'
[1.452s] Level 5:colcon.colcon_core.verb:set package 'test_ex' build argument 'catkin_cmake_args' from command line to 'None'
[1.452s] Level 5:colcon.colcon_core.verb:set package 'test_ex' build argument 'catkin_skip_building_tests' from command line to 'False'
[1.452s] DEBUG:colcon.colcon_core.verb:Building package 'test_ex' with the following arguments: {'ament_cmake_args': None, 'build_base': '/home/keitaro/wss/test_ex/build/test_ex', 'catkin_cmake_args': None, 'catkin_skip_building_tests': False, 'cmake_args': None, 'cmake_clean_cache': False, 'cmake_clean_first': False, 'cmake_force_configure': False, 'cmake_target': None, 'cmake_target_skip_unavailable': False, 'install_base': '/home/keitaro/wss/test_ex/install/test_ex', 'merge_install': False, 'path': '/home/keitaro/wss/test_ex', 'symlink_install': False, 'test_result_base': None}
[1.467s] INFO:colcon.colcon_core.executor:Executing jobs using 'parallel' executor
[1.483s] DEBUG:colcon.colcon_parallel_executor.executor.parallel:run_until_complete
[1.484s] INFO:colcon.colcon_ros.task.ament_cmake.build:Building ROS package in '/home/keitaro/wss/test_ex' with build type 'ament_cmake'
[1.484s] INFO:colcon.colcon_cmake.task.cmake.build:Building CMake package in '/home/keitaro/wss/test_ex'
[1.502s] INFO:colcon.colcon_core.plugin_system:Skipping extension 'colcon_core.shell.bat': Not used on non-Windows systems
[1.502s] INFO:colcon.colcon_core.shell:Skip shell extension 'powershell' for command environment: Not usable outside of PowerShell
[1.502s] DEBUG:colcon.colcon_core.shell:Skip shell extension 'dsv' for command environment
[1.575s] DEBUG:colcon.colcon_core.event_handler.log_command:Invoking command in '/home/keitaro/wss/test_ex/build/test_ex': CMAKE_PREFIX_PATH=${CMAKE_PREFIX_PATH}:/home/keitaro/wss/ws2/install/pkg1:/home/keitaro/ros2_ws/install/mypkg:/home/keitaro/ros2_ws/install/hand_test:/home/keitaro/ws/install/mypkg:/opt/ros/humble /usr/bin/cmake /home/keitaro/wss/test_ex -DCMAKE_INSTALL_PREFIX=/home/keitaro/wss/test_ex/install/test_ex
[10.153s] DEBUG:colcon.colcon_core.event_handler.log_command:Invoked command in '/home/keitaro/wss/test_ex/build/test_ex' returned '1': CMAKE_PREFIX_PATH=${CMAKE_PREFIX_PATH}:/home/keitaro/wss/ws2/install/pkg1:/home/keitaro/ros2_ws/install/mypkg:/home/keitaro/ros2_ws/install/hand_test:/home/keitaro/ws/install/mypkg:/opt/ros/humble /usr/bin/cmake /home/keitaro/wss/test_ex -DCMAKE_INSTALL_PREFIX=/home/keitaro/wss/test_ex/install/test_ex
[10.171s] Level 1:colcon.colcon_core.environment:create_environment_scripts_only(test_ex)
[10.189s] Level 1:colcon.colcon_core.environment:checking '/home/keitaro/wss/test_ex/install/test_ex' for CMake module files
[10.189s] Level 1:colcon.colcon_core.environment:checking '/home/keitaro/wss/test_ex/install/test_ex' for CMake config files
[10.190s] Level 1:colcon.colcon_core.environment:checking '/home/keitaro/wss/test_ex/install/test_ex/bin'
[10.190s] Level 1:colcon.colcon_core.environment:checking '/home/keitaro/wss/test_ex/install/test_ex/lib/pkgconfig/test_ex.pc'
[10.190s] Level 1:colcon.colcon_core.environment:checking '/home/keitaro/wss/test_ex/install/test_ex/lib/python3.10/site-packages'
[10.190s] Level 1:colcon.colcon_core.environment:checking '/home/keitaro/wss/test_ex/install/test_ex/bin'
[10.206s] INFO:colcon.colcon_core.shell:Creating package script '/home/keitaro/wss/test_ex/install/test_ex/share/test_ex/package.ps1'
[10.207s] INFO:colcon.colcon_core.shell:Creating package descriptor '/home/keitaro/wss/test_ex/install/test_ex/share/test_ex/package.dsv'
[10.207s] INFO:colcon.colcon_core.shell:Creating package script '/home/keitaro/wss/test_ex/install/test_ex/share/test_ex/package.sh'
[10.208s] INFO:colcon.colcon_core.shell:Creating package script '/home/keitaro/wss/test_ex/install/test_ex/share/test_ex/package.bash'
[10.208s] INFO:colcon.colcon_core.shell:Creating package script '/home/keitaro/wss/test_ex/install/test_ex/share/test_ex/package.zsh'
[10.209s] Level 1:colcon.colcon_core.environment:create_file_with_runtime_dependencies(/home/keitaro/wss/test_ex/install/test_ex/share/colcon-core/packages/test_ex)
[10.219s] DEBUG:colcon.colcon_parallel_executor.executor.parallel:closing loop
[10.220s] DEBUG:colcon.colcon_parallel_executor.executor.parallel:loop closed
[10.220s] DEBUG:colcon.colcon_parallel_executor.executor.parallel:run_until_complete finished with '1'
[10.220s] DEBUG:colcon.colcon_core.event_reactor:joining thread
[10.243s] INFO:colcon.colcon_core.plugin_system:Skipping extension 'colcon_notification.desktop_notification.terminal_notifier': Not used on non-Darwin systems
[10.243s] INFO:colcon.colcon_core.plugin_system:Skipping extension 'colcon_notification.desktop_notification.win32': Not used on non-Windows systems
[10.243s] INFO:colcon.colcon_notification.desktop_notification:Sending desktop notification using 'notify2'
[10.255s] DEBUG:colcon.colcon_core.event_reactor:joined thread
[10.286s] INFO:colcon.colcon_core.shell:Creating prefix script '/home/keitaro/wss/test_ex/install/local_setup.ps1'
[10.287s] INFO:colcon.colcon_core.shell:Creating prefix util module '/home/keitaro/wss/test_ex/install/_local_setup_util_ps1.py'
[10.289s] INFO:colcon.colcon_core.shell:Creating prefix chain script '/home/keitaro/wss/test_ex/install/setup.ps1'
[10.311s] INFO:colcon.colcon_core.shell:Creating prefix script '/home/keitaro/wss/test_ex/install/local_setup.sh'
[10.312s] INFO:colcon.colcon_core.shell:Creating prefix util module '/home/keitaro/wss/test_ex/install/_local_setup_util_sh.py'
[10.312s] INFO:colcon.colcon_core.shell:Creating prefix chain script '/home/keitaro/wss/test_ex/install/setup.sh'
[10.330s] INFO:colcon.colcon_core.shell:Creating prefix script '/home/keitaro/wss/test_ex/install/local_setup.bash'
[10.331s] INFO:colcon.colcon_core.shell:Creating prefix chain script '/home/keitaro/wss/test_ex/install/setup.bash'
[10.349s] INFO:colcon.colcon_core.shell:Creating prefix script '/home/keitaro/wss/test_ex/install/local_setup.zsh'
[10.350s] INFO:colcon.colcon_core.shell:Creating prefix chain script '/home/keitaro/wss/test_ex/install/setup.zsh'
