[31mCMake Error at CMakeLists.txt:43 (add_executable):
  Cannot find source file:

    src/cartesian_path.cpp

  Tried extensions .c .C .c++ .cc .cpp .cxx .cu .mpp .m .M .mm .ixx .cppm .h
  .hh .h++ .hm .hpp .hxx .in .txx .f .F .for .f77 .f90 .f95 .f03 .hip .ispc

[0m
[31mCMake Error at CMakeLists.txt:43 (add_executable):
  Cannot find source file:

    src/pose_groupstate.cpp

  Tried extensions .c .C .c++ .cc .cpp .cxx .cu .mpp .m .M .mm .ixx .cppm .h
  .hh .h++ .hm .hpp .hxx .in .txx .f .F .for .f77 .f90 .f95 .f03 .hip .ispc

[0m
[31mCMake Error at CMakeLists.txt:43 (add_executable):
  Cannot find source file:

    src/joint_values.cpp

  Tried extensions .c .C .c++ .cc .cpp .cxx .cu .mpp .m .M .mm .ixx .cppm .h
  .hh .h++ .hm .hpp .hxx .in .txx .f .F .for .f77 .f90 .f95 .f03 .hip .ispc

[0m
[31mCMake Error at CMakeLists.txt:43 (add_executable):
  Cannot find source file:

    src/pick_and_place.cpp

  Tried extensions .c .C .c++ .cc .cpp .cxx .cu .mpp .m .M .mm .ixx .cppm .h
  .hh .h++ .hm .hpp .hxx .in .txx .f .F .for .f77 .f90 .f95 .f03 .hip .ispc

[0m
[31mCMake Error at CMakeLists.txt:43 (add_executable):
  Cannot find source file:

    src/pick_and_place_tf.cpp

  Tried extensions .c .C .c++ .cc .cpp .cxx .cu .mpp .m .M .mm .ixx .cppm .h
  .hh .h++ .hm .hpp .hxx .in .txx .f .F .for .f77 .f90 .f95 .f03 .hip .ispc

[0m
[31mCMake Error at CMakeLists.txt:43 (add_executable):
  Cannot find source file:

    src/aruco_detection.cpp

  Tried extensions .c .C .c++ .cc .cpp .cxx .cu .mpp .m .M .mm .ixx .cppm .h
  .hh .h++ .hm .hpp .hxx .in .txx .f .F .for .f77 .f90 .f95 .f03 .hip .ispc

[0m
[31mCMake Error at CMakeLists.txt:43 (add_executable):
  Cannot find source file:

    src/color_detection.cpp

  Tried extensions .c .C .c++ .cc .cpp .cxx .cu .mpp .m .M .mm .ixx .cppm .h
  .hh .h++ .hm .hpp .hxx .in .txx .f .F .for .f77 .f90 .f95 .f03 .hip .ispc

[0m
[31mCMake Error at CMakeLists.txt:43 (add_executable):
  Cannot find source file:

    src/point_cloud_detection.cpp

  Tried extensions .c .C .c++ .cc .cpp .cxx .cu .mpp .m .M .mm .ixx .cppm .h
  .hh .h++ .hm .hpp .hxx .in .txx .f .F .for .f77 .f90 .f95 .f03 .hip .ispc

[0m
[31mCMake Error at CMakeLists.txt:43 (add_executable):
  No SOURCES given to target: cartesian_path

[0m
[31mCMake Error at CMakeLists.txt:43 (add_executable):
  No SOURCES given to target: pose_groupstate

[0m
[31mCMake Error at CMakeLists.txt:43 (add_executable):
  No SOURCES given to target: joint_values

[0m
[31mCMake Error at CMakeLists.txt:43 (add_executable):
  No SOURCES given to target: pick_and_place

[0m
[31mCMake Error at CMakeLists.txt:43 (add_executable):
  No SOURCES given to target: pick_and_place_tf

[0m
[31mCMake Error at CMakeLists.txt:43 (add_executable):
  No SOURCES given to target: aruco_detection

[0m
[31mCMake Error at CMakeLists.txt:43 (add_executable):
  No SOURCES given to target: color_detection

[0m
[31mCMake Error at CMakeLists.txt:43 (add_executable):
  No SOURCES given to target: point_cloud_detection

[0m
[0mCMake Generate step failed.  Build files cannot be regenerated correctly.[0m
