[0.094s] Invoking command in '/home/keitaro/ros2_ws/src/test_ex/build/crane_x7_examples': CMAKE_PREFIX_PATH=${CMAKE_PREFIX_PATH}:/home/keitaro/wss/ws2/install/pkg1:/home/keitaro/ros2_ws/install/mypkg:/home/keitaro/ros2_ws/install/hand_test:/home/keitaro/ws/install/mypkg:/opt/ros/humble /usr/bin/cmake /home/keitaro/ros2_ws/src/test_ex -DCMAKE_INSTALL_PREFIX=/home/keitaro/ros2_ws/src/test_ex/install/crane_x7_examples
[0.412s] -- The C compiler identification is GNU 11.4.0
[0.607s] -- The CXX compiler identification is GNU 11.4.0
[0.620s] -- Detecting C compiler ABI info
[0.695s] -- Detecting C compiler ABI info - done
[0.703s] -- Check for working C compiler: /usr/bin/cc - skipped
[0.703s] -- Detecting C compile features
[0.704s] -- Detecting C compile features - done
[0.709s] -- Detecting CXX compiler ABI info
[0.794s] -- Detecting CXX compiler ABI info - done
[0.802s] -- Check for working CXX compiler: /usr/bin/c++ - skipped
[0.802s] -- Detecting CXX compile features
[0.803s] -- Detecting CXX compile features - done
[0.816s] -- Found ament_cmake: 1.3.5 (/opt/ros/humble/share/ament_cmake/cmake)
[1.022s] -- Found Python3: /usr/bin/python3.10 (found version "3.10.12") found components: Interpreter 
[1.162s] -- Found cv_bridge: 3.2.1 (/opt/ros/humble/share/cv_bridge/cmake)
[1.257s] -- Found rosidl_generator_c: 3.1.5 (/opt/ros/humble/share/rosidl_generator_c/cmake)
[1.267s] -- Found rosidl_adapter: 3.1.5 (/opt/ros/humble/share/rosidl_adapter/cmake)
[1.285s] -- Found rosidl_generator_cpp: 3.1.5 (/opt/ros/humble/share/rosidl_generator_cpp/cmake)
[1.316s] -- Using all available rosidl_typesupport_c: rosidl_typesupport_fastrtps_c;rosidl_typesupport_introspection_c
[1.352s] -- Using all available rosidl_typesupport_cpp: rosidl_typesupport_fastrtps_cpp;rosidl_typesupport_introspection_cpp
[1.648s] -- Found image_geometry: 3.2.1 (/opt/ros/humble/share/image_geometry/cmake)
[1.661s] -- Found moveit_ros_planning_interface: 2.5.5 (/opt/ros/humble/share/moveit_ros_planning_interface/cmake)
[1.890s] -- Found Boost: /usr/lib/x86_64-linux-gnu/cmake/Boost-1.74.0/BoostConfig.cmake (found version "1.74.0") found components: date_time filesystem program_options system thread 
[2.853s] -- Found Boost: /usr/lib/x86_64-linux-gnu/cmake/Boost-1.74.0/BoostConfig.cmake (found version "1.74.0") found components: chrono date_time filesystem iostreams program_options regex serialization system thread 
[2.883s] -- Found parameter_traits: 0.3.6 (/opt/ros/humble/share/parameter_traits/cmake)
[2.995s] -- Found rmw_implementation_cmake: 6.1.1 (/opt/ros/humble/share/rmw_implementation_cmake/cmake)
[3.001s] -- Found rmw_fastrtps_cpp: 6.2.4 (/opt/ros/humble/share/rmw_fastrtps_cpp/cmake)
[3.142s] -- Found OpenSSL: /usr/lib/x86_64-linux-gnu/libcrypto.so (found version "3.0.2")  
[3.175s] -- Found FastRTPS: /opt/ros/humble/include  
[3.230s] -- Using RMW implementation 'rmw_fastrtps_cpp' as default
[3.249s] -- Found Threads: TRUE  
[3.460s] -- Found rclcpp_lifecycle: 16.0.6 (/opt/ros/humble/share/rclcpp_lifecycle/cmake)
[3.530s] -- Found Boost: /usr/lib/x86_64-linux-gnu/cmake/Boost-1.74.0/BoostConfig.cmake (found version "1.74.0") found components: filesystem 
[3.658s] -- library: /usr/lib/x86_64-linux-gnu/libcurl.so
[3.889s] -- Found Eigen3: TRUE (found version "3.4.0") 
[3.889s] -- Ensuring Eigen3 include directory is part of orocos-kdl CMake target
[4.648s] -- Found Boost: /usr/lib/x86_64-linux-gnu/cmake/Boost-1.74.0/BoostConfig.cmake (found version "1.74.0") found components: system filesystem date_time program_options thread chrono 
[5.352s] -- Found Boost: /usr/lib/x86_64-linux-gnu/cmake/Boost-1.74.0/BoostConfig.cmake (found version "1.74.0") found components: thread system filesystem regex date_time program_options 
[5.673s] -- Found Boost: /usr/lib/x86_64-linux-gnu/cmake/Boost-1.74.0/BoostConfig.cmake (found version "1.74.0") found components: system filesystem date_time program_options thread 
[6.236s] -- Found OpenCV: /usr (found version "4.5.4") found components: core 
[6.239s] -- Found pcl_conversions: 2.4.0 (/opt/ros/humble/share/pcl_conversions/cmake)
[6.408s] -- Found pcl_ros: 2.4.0 (/opt/ros/humble/share/pcl_ros/cmake)
[6.580s] -- Checking for module 'eigen3'
[6.596s] --   Found eigen3, version 3.4.0
[6.635s] -- Found Eigen: /usr/include/eigen3 (Required is at least version "3.1") 
[6.635s] -- Eigen found (include: /usr/include/eigen3, version: 3.4.0)
[6.661s] -- Checking for module 'flann'
[6.677s] --   Found flann, version 1.9.1
[6.722s] -- Found FLANN: /usr/lib/x86_64-linux-gnu/libflann_cpp.so  
[6.722s] -- FLANN found (include: /usr/include, lib: /usr/lib/x86_64-linux-gnu/libflann_cpp.so)
[7.924s] -- Checking for module 'libusb-1.0'
[7.940s] --   Found libusb-1.0, version 1.0.25
[7.984s] -- Found libusb: /usr/lib/x86_64-linux-gnu/libusb-1.0.so  
[7.985s] -- OpenNI found (version: 1.5.4.0, include: /usr/include/ni, lib: /usr/lib/libOpenNI.so;libusb::libusb)
[8.053s] -- OpenNI2 found (version: 2.2.0.33, include: /usr/include/openni2, lib: /usr/lib/x86_64-linux-gnu/libOpenNI2.so;libusb::libusb)
[8.224s] -- Eigen found (include: /usr/include/eigen3, version: 3.4.0)
[8.232s] -- OpenNI found (version: 1.5.4.0, include: /usr/include/ni, lib: /usr/lib/libOpenNI.so;libusb::libusb)
[8.240s] -- OpenNI2 found (version: 2.2.0.33, include: /usr/include/openni2, lib: /usr/lib/x86_64-linux-gnu/libOpenNI2.so;libusb::libusb)
[8.405s] -- Found Qhull version 8.0.2
[8.573s] -- OpenNI found (version: 1.5.4.0, include: /usr/include/ni, lib: /usr/lib/libOpenNI.so;libusb::libusb)
[8.735s] -- Found PCL_COMMON: /usr/lib/x86_64-linux-gnu/libpcl_common.so  
[8.736s] -- Found PCL_KDTREE: /usr/lib/x86_64-linux-gnu/libpcl_kdtree.so  
[8.737s] -- Found PCL_OCTREE: /usr/lib/x86_64-linux-gnu/libpcl_octree.so  
[8.738s] -- Found PCL_SEARCH: /usr/lib/x86_64-linux-gnu/libpcl_search.so  
[8.739s] -- Found PCL_SAMPLE_CONSENSUS: /usr/lib/x86_64-linux-gnu/libpcl_sample_consensus.so  
[8.740s] -- Found PCL_FILTERS: /usr/lib/x86_64-linux-gnu/libpcl_filters.so  
[8.741s] -- Found PCL_2D: /usr/include/pcl-1.12  
[8.741s] -- Found PCL_GEOMETRY: /usr/include/pcl-1.12  
[8.742s] -- Found PCL_IO: /usr/lib/x86_64-linux-gnu/libpcl_io.so  
[8.743s] -- Found PCL_FEATURES: /usr/lib/x86_64-linux-gnu/libpcl_features.so  
[8.744s] -- Found PCL_ML: /usr/lib/x86_64-linux-gnu/libpcl_ml.so  
[8.745s] -- Found PCL_SEGMENTATION: /usr/lib/x86_64-linux-gnu/libpcl_segmentation.so  
[8.746s] -- Found PCL_VISUALIZATION: /usr/lib/x86_64-linux-gnu/libpcl_visualization.so  
[8.748s] -- Found PCL_SURFACE: /usr/lib/x86_64-linux-gnu/libpcl_surface.so  
[8.749s] -- Found PCL_REGISTRATION: /usr/lib/x86_64-linux-gnu/libpcl_registration.so  
[8.750s] -- Found PCL_KEYPOINTS: /usr/lib/x86_64-linux-gnu/libpcl_keypoints.so  
[8.751s] -- Found PCL_TRACKING: /usr/lib/x86_64-linux-gnu/libpcl_tracking.so  
[8.752s] -- Found PCL_RECOGNITION: /usr/lib/x86_64-linux-gnu/libpcl_recognition.so  
[8.753s] -- Found PCL_STEREO: /usr/lib/x86_64-linux-gnu/libpcl_stereo.so  
[8.754s] -- Found PCL_APPS: /usr/lib/x86_64-linux-gnu/libpcl_apps.so  
[8.755s] -- Found PCL_IN_HAND_SCANNER: /usr/include/pcl-1.12  
[8.756s] -- Found PCL_MODELER: /usr/include/pcl-1.12  
[8.757s] -- Found PCL_POINT_CLOUD_EDITOR: /usr/include/pcl-1.12  
[8.758s] -- Found PCL_OUTOFCORE: /usr/lib/x86_64-linux-gnu/libpcl_outofcore.so  
[8.759s] -- Found PCL_PEOPLE: /usr/lib/x86_64-linux-gnu/libpcl_people.so  
[9.530s] -- Found ament_lint_auto: 0.12.8 (/opt/ros/humble/share/ament_lint_auto/cmake)
[9.644s] -- Added test 'copyright' to check source files copyright and LICENSE
[9.650s] -- Added test 'cppcheck' to perform static code analysis on C / C++ code
[9.651s] -- Configured cppcheck include dirs: 
[9.651s] -- Configured cppcheck exclude dirs and/or files: 
[9.657s] -- Added test 'cpplint' to check C / C++ code against the Google style
[9.658s] -- Configured cpplint exclude dirs and/or files: 
[9.659s] -- Added test 'flake8' to check Python code syntax and style conventions
[9.661s] -- Added test 'lint_cmake' to check CMake code style
[9.663s] -- Added test 'pep257' to check Python code against some of the docstring style conventions in PEP 257
[9.669s] -- Added test 'uncrustify' to check C / C++ code style
[9.669s] -- Configured uncrustify additional arguments: 
[9.671s] -- Added test 'xmllint' to check XML markup files
[9.673s] -- Configuring done
[9.691s] [31mCMake Error at CMakeLists.txt:43 (add_executable):
[9.691s]   Cannot find source file:
[9.691s] 
[9.691s]     src/cartesian_path.cpp
[9.691s] 
[9.691s]   Tried extensions .c .C .c++ .cc .cpp .cxx .cu .mpp .m .M .mm .ixx .cppm .h
[9.691s]   .hh .h++ .hm .hpp .hxx .in .txx .f .F .for .f77 .f90 .f95 .f03 .hip .ispc
[9.691s] 
[9.692s] [0m
[9.692s] [31mCMake Error at CMakeLists.txt:43 (add_executable):
[9.692s]   Cannot find source file:
[9.692s] 
[9.692s]     src/pose_groupstate.cpp
[9.692s] 
[9.692s]   Tried extensions .c .C .c++ .cc .cpp .cxx .cu .mpp .m .M .mm .ixx .cppm .h
[9.692s]   .hh .h++ .hm .hpp .hxx .in .txx .f .F .for .f77 .f90 .f95 .f03 .hip .ispc
[9.692s] 
[9.692s] [0m
[9.692s] [31mCMake Error at CMakeLists.txt:43 (add_executable):
[9.692s]   Cannot find source file:
[9.693s] 
[9.693s]     src/joint_values.cpp
[9.693s] 
[9.693s]   Tried extensions .c .C .c++ .cc .cpp .cxx .cu .mpp .m .M .mm .ixx .cppm .h
[9.693s]   .hh .h++ .hm .hpp .hxx .in .txx .f .F .for .f77 .f90 .f95 .f03 .hip .ispc
[9.693s] 
[9.693s] [0m
[9.693s] [31mCMake Error at CMakeLists.txt:43 (add_executable):
[9.693s]   Cannot find source file:
[9.693s] 
[9.693s]     src/pick_and_place.cpp
[9.693s] 
[9.693s]   Tried extensions .c .C .c++ .cc .cpp .cxx .cu .mpp .m .M .mm .ixx .cppm .h
[9.693s]   .hh .h++ .hm .hpp .hxx .in .txx .f .F .for .f77 .f90 .f95 .f03 .hip .ispc
[9.693s] 
[9.694s] [0m
[9.694s] [31mCMake Error at CMakeLists.txt:43 (add_executable):
[9.694s]   Cannot find source file:
[9.694s] 
[9.694s]     src/pick_and_place_tf.cpp
[9.694s] 
[9.694s]   Tried extensions .c .C .c++ .cc .cpp .cxx .cu .mpp .m .M .mm .ixx .cppm .h
[9.694s]   .hh .h++ .hm .hpp .hxx .in .txx .f .F .for .f77 .f90 .f95 .f03 .hip .ispc
[9.694s] 
[9.694s] [0m
[9.694s] [31mCMake Error at CMakeLists.txt:43 (add_executable):
[9.694s]   Cannot find source file:
[9.694s] 
[9.694s]     src/aruco_detection.cpp
[9.694s] 
[9.695s]   Tried extensions .c .C .c++ .cc .cpp .cxx .cu .mpp .m .M .mm .ixx .cppm .h
[9.695s]   .hh .h++ .hm .hpp .hxx .in .txx .f .F .for .f77 .f90 .f95 .f03 .hip .ispc
[9.695s] 
[9.695s] [0m
[9.695s] [31mCMake Error at CMakeLists.txt:43 (add_executable):
[9.695s]   Cannot find source file:
[9.695s] 
[9.695s]     src/color_detection.cpp
[9.695s] 
[9.695s]   Tried extensions .c .C .c++ .cc .cpp .cxx .cu .mpp .m .M .mm .ixx .cppm .h
[9.695s]   .hh .h++ .hm .hpp .hxx .in .txx .f .F .for .f77 .f90 .f95 .f03 .hip .ispc
[9.695s] 
[9.695s] [0m
[9.695s] [31mCMake Error at CMakeLists.txt:43 (add_executable):
[9.695s]   Cannot find source file:
[9.695s] 
[9.695s]     src/point_cloud_detection.cpp
[9.696s] 
[9.696s]   Tried extensions .c .C .c++ .cc .cpp .cxx .cu .mpp .m .M .mm .ixx .cppm .h
[9.696s]   .hh .h++ .hm .hpp .hxx .in .txx .f .F .for .f77 .f90 .f95 .f03 .hip .ispc
[9.696s] 
[9.696s] [0m
[9.705s] [31mCMake Error at CMakeLists.txt:43 (add_executable):
[9.705s]   No SOURCES given to target: cartesian_path
[9.705s] 
[9.706s] [0m
[9.706s] [31mCMake Error at CMakeLists.txt:43 (add_executable):
[9.706s]   No SOURCES given to target: pose_groupstate
[9.706s] 
[9.706s] [0m
[9.706s] [31mCMake Error at CMakeLists.txt:43 (add_executable):
[9.706s]   No SOURCES given to target: joint_values
[9.706s] 
[9.706s] [0m
[9.706s] [31mCMake Error at CMakeLists.txt:43 (add_executable):
[9.706s]   No SOURCES given to target: pick_and_place
[9.706s] 
[9.706s] [0m
[9.706s] [31mCMake Error at CMakeLists.txt:43 (add_executable):
[9.706s]   No SOURCES given to target: pick_and_place_tf
[9.707s] 
[9.707s] [0m
[9.707s] [31mCMake Error at CMakeLists.txt:43 (add_executable):
[9.707s]   No SOURCES given to target: aruco_detection
[9.707s] 
[9.707s] [0m
[9.707s] [31mCMake Error at CMakeLists.txt:43 (add_executable):
[9.707s]   No SOURCES given to target: color_detection
[9.707s] 
[9.707s] [0m
[9.707s] [31mCMake Error at CMakeLists.txt:43 (add_executable):
[9.707s]   No SOURCES given to target: point_cloud_detection
[9.707s] 
[9.707s] [0m
[9.708s] [0mCMake Generate step failed.  Build files cannot be regenerated correctly.[0m
[9.729s] Invoked command in '/home/keitaro/ros2_ws/src/test_ex/build/crane_x7_examples' returned '1': CMAKE_PREFIX_PATH=${CMAKE_PREFIX_PATH}:/home/keitaro/wss/ws2/install/pkg1:/home/keitaro/ros2_ws/install/mypkg:/home/keitaro/ros2_ws/install/hand_test:/home/keitaro/ws/install/mypkg:/opt/ros/humble /usr/bin/cmake /home/keitaro/ros2_ws/src/test_ex -DCMAKE_INSTALL_PREFIX=/home/keitaro/ros2_ws/src/test_ex/install/crane_x7_examples
